# JRE version: OpenJDK Runtime Environment (17.0.9) (build 17.0.9+0--11185874)
# Java VM: OpenJDK 64-Bit Server VM (17.0.9+0--11185874, mixed mode, tiered, compressed oops, compressed class ptrs, g1 gc, windows-amd64)
GC Precious Log:
 CPUs: 12 total, 12 available
 Memory: 15722M
 Large Page Support: Disabled
 NUMA Support: Disabled
 Compressed Oops: Enabled (32-bit)
 Heap Region Size: 1M
 Heap Min Capacity: 8M
 Heap Initial Capacity: 246M
 Heap Max Capacity: 2G
 Pre-touch: Disabled
 Parallel Workers: 10
 Concurrent Workers: 3
 Concurrent Refinement Workers: 10
 Periodic GC: Disabled
Heap:
 garbage-first heap   total 147456K, used 89056K [0x0000000080000000, 0x0000000100000000)
  region size 1024K, 18 young (18432K), 4 survivors (4096K)
 Metaspace       used 78794K, committed 79488K, reserved 1179648K
  class space    used 10719K, committed 11072K, reserved 1048576K
GC Heap History (20 events):
Event: 6.842 GC heap before
{Heap before GC invocations=11 (full 0):
 garbage-first heap   total 68608K, used 28419K [0x0000000080000000, 0x0000000100000000)
  region size 1024K, 5 young (5120K), 4 survivors (4096K)
 Metaspace       used 40963K, committed 41280K, reserved 1114112K
  class space    used 5423K, committed 5568K, reserved 1048576K
}
Event: 6.847 GC heap after
{Heap after GC invocations=12 (full 0):
 garbage-first heap   total 68608K, used 27780K [0x0000000080000000, 0x0000000100000000)
  region size 1024K, 1 young (1024K), 1 survivors (1024K)
 Metaspace       used 40963K, committed 41280K, reserved 1114112K
  class space    used 5423K, committed 5568K, reserved 1048576K
}
Event: 7.139 GC heap before
{Heap before GC invocations=12 (full 0):
 garbage-first heap   total 68608K, used 52356K [0x0000000080000000, 0x0000000100000000)
  region size 1024K, 25 young (25600K), 1 survivors (1024K)
 Metaspace       used 41938K, committed 42368K, reserved 1114112K
  class space    used 5585K, committed 5760K, reserved 1048576K
}
Event: 7.142 GC heap after
{Heap after GC invocations=13 (full 0):
 garbage-first heap   total 147456K, used 29012K [0x0000000080000000, 0x0000000100000000)
  region size 1024K, 2 young (2048K), 2 survivors (2048K)
 Metaspace       used 41938K, committed 42368K, reserved 1114112K
  class space    used 5585K, committed 5760K, reserved 1048576K
}
Event: 8.996 GC heap before
{Heap before GC invocations=13 (full 0):
 garbage-first heap   total 147456K, used 103764K [0x0000000080000000, 0x0000000100000000)
  region size 1024K, 74 young (75776K), 2 survivors (2048K)
 Metaspace       used 51432K, committed 51904K, reserved 1114112K
  class space    used 7007K, committed 7232K, reserved 1048576K
}
Event: 9.002 GC heap after
{Heap after GC invocations=14 (full 0):
 garbage-first heap   total 147456K, used 33232K [0x0000000080000000, 0x0000000100000000)
  region size 1024K, 6 young (6144K), 6 survivors (6144K)
 Metaspace       used 51432K, committed 51904K, reserved 1114112K
  class space    used 7007K, committed 7232K, reserved 1048576K
}
Event: 10.911 GC heap before
{Heap before GC invocations=14 (full 0):
 garbage-first heap   total 147456K, used 116176K [0x0000000080000000, 0x0000000100000000)
  region size 1024K, 80 young (81920K), 6 survivors (6144K)
 Metaspace       used 56628K, committed 57216K, reserved 1114112K
  class space    used 7743K, committed 8000K, reserved 1048576K
}
Event: 10.921 GC heap after
{Heap after GC invocations=15 (full 0):
 garbage-first heap   total 147456K, used 49038K [0x0000000080000000, 0x0000000100000000)
  region size 1024K, 10 young (10240K), 10 survivors (10240K)
 Metaspace       used 56628K, committed 57216K, reserved 1114112K
  class space    used 7743K, committed 8000K, reserved 1048576K
}
Event: 11.572 GC heap before
{Heap before GC invocations=15 (full 0):
 garbage-first heap   total 147456K, used 101262K [0x0000000080000000, 0x0000000100000000)
  region size 1024K, 55 young (56320K), 10 survivors (10240K)
 Metaspace       used 59741K, committed 60288K, reserved 1114112K
  class space    used 8168K, committed 8448K, reserved 1048576K
}
Event: 11.581 GC heap after
{Heap after GC invocations=16 (full 0):
 garbage-first heap   total 147456K, used 61008K [0x0000000080000000, 0x0000000100000000)
  region size 1024K, 6 young (6144K), 6 survivors (6144K)
 Metaspace       used 59741K, committed 60288K, reserved 1114112K
  class space    used 8168K, committed 8448K, reserved 1048576K
}
Event: 12.435 GC heap before
{Heap before GC invocations=17 (full 0):
 garbage-first heap   total 147456K, used 110160K [0x0000000080000000, 0x0000000100000000)
  region size 1024K, 54 young (55296K), 6 survivors (6144K)
 Metaspace       used 64715K, committed 65344K, reserved 1114112K
  class space    used 8822K, committed 9088K, reserved 1048576K
}
Event: 12.440 GC heap after
{Heap after GC invocations=18 (full 0):
 garbage-first heap   total 147456K, used 62092K [0x0000000080000000, 0x0000000100000000)
  region size 1024K, 2 young (2048K), 2 survivors (2048K)
 Metaspace       used 64715K, committed 65344K, reserved 1114112K
  class space    used 8822K, committed 9088K, reserved 1048576K
}
Event: 12.764 GC heap before
{Heap before GC invocations=18 (full 0):
 garbage-first heap   total 147456K, used 88716K [0x0000000080000000, 0x0000000100000000)
  region size 1024K, 24 young (24576K), 2 survivors (2048K)
 Metaspace       used 66733K, committed 67392K, reserved 1114112K
  class space    used 9066K, committed 9408K, reserved 1048576K
}
Event: 12.771 GC heap after
{Heap after GC invocations=19 (full 0):
 garbage-first heap   total 147456K, used 69803K [0x0000000080000000, 0x0000000100000000)
  region size 1024K, 6 young (6144K), 6 survivors (6144K)
 Metaspace       used 66733K, committed 67392K, reserved 1114112K
  class space    used 9066K, committed 9408K, reserved 1048576K
}
Event: 13.530 GC heap before
{Heap before GC invocations=19 (full 0):
 garbage-first heap   total 147456K, used 115883K [0x0000000080000000, 0x0000000100000000)
  region size 1024K, 50 young (51200K), 6 survivors (6144K)
 Metaspace       used 69751K, committed 70336K, reserved 1114112K
  class space    used 9478K, committed 9792K, reserved 1048576K
}
Event: 13.536 GC heap after
{Heap after GC invocations=20 (full 0):
 garbage-first heap   total 147456K, used 68075K [0x0000000080000000, 0x0000000100000000)
  region size 1024K, 4 young (4096K), 4 survivors (4096K)
 Metaspace       used 69751K, committed 70336K, reserved 1114112K
  class space    used 9478K, committed 9792K, reserved 1048576K
}
Event: 14.165 GC heap before
{Heap before GC invocations=20 (full 0):
 garbage-first heap   total 147456K, used 97771K [0x0000000080000000, 0x0000000100000000)
  region size 1024K, 34 young (34816K), 4 survivors (4096K)
 Metaspace       used 72902K, committed 73536K, reserved 1114112K
  class space    used 9907K, committed 10240K, reserved 1048576K
}
Event: 14.170 GC heap after
{Heap after GC invocations=21 (full 0):
 garbage-first heap   total 147456K, used 69817K [0x0000000080000000, 0x0000000100000000)
  region size 1024K, 6 young (6144K), 6 survivors (6144K)
 Metaspace       used 72902K, committed 73536K, reserved 1114112K
  class space    used 9907K, committed 10240K, reserved 1048576K
}
Event: 15.041 GC heap before
{Heap before GC invocations=21 (full 0):
 garbage-first heap   total 147456K, used 122041K [0x0000000080000000, 0x0000000100000000)
  region size 1024K, 53 young (54272K), 6 survivors (6144K)
 Metaspace       used 77785K, committed 78400K, reserved 1179648K
  class space    used 10585K, committed 10880K, reserved 1048576K
}
Event: 15.047 GC heap after
{Heap after GC invocations=22 (full 0):
 garbage-first heap   total 147456K, used 75744K [0x0000000080000000, 0x0000000100000000)
  region size 1024K, 4 young (4096K), 4 survivors (4096K)
 Metaspace       used 77785K, committed 78400K, reserved 1179648K
  class space    used 10585K, committed 10880K, reserved 1048576K
}

